actionid: py36
msg: envreport
cmdargs: ['/home/miguel/Documentos/python-colors/.tox/py36/bin/pip', 'freeze']

alabaster==0.7.12
argh==0.26.2
attrs==18.2.0
Babel==2.6.0
bleach==3.0.2
bumpversion==0.5.3
certifi==2018.10.15
chardet==3.0.4
Click==7.0
coverage==4.5.1
docutils==0.14
flake8==3.5.0
idna==2.7
imagesize==1.1.0
Jinja2==2.10
MarkupSafe==1.1.0
mccabe==0.6.1
packaging==18.0
pathtools==0.1.2
pkginfo==1.4.2
pluggy==0.8.0
py==1.7.0
pycodestyle==2.3.1
pyflakes==1.6.0
Pygments==2.2.0
pyparsing==2.3.0
pytest==3.4.2
pytest-runner==2.11.1
python-colors==0.1.2
pytz==2018.7
PyYAML==3.13
readme-renderer==24.0
requests==2.20.1
requests-toolbelt==0.8.0
six==1.11.0
snowballstemmer==1.2.1
Sphinx==1.7.1
sphinxcontrib-websupport==1.1.0
tox==2.9.1
tqdm==4.28.1
twine==1.12.1
urllib3==1.24.1
virtualenv==16.1.0
watchdog==0.8.3
webencodings==0.5.1
